0 info it worked if it ends with ok
1 verbose cli [ '/usr/local/bin/node', '/usr/local/bin/npm', 'run', 'scss' ]
2 info using npm@3.10.10
3 info using node@v6.11.4
4 verbose run-script [ 'prescss', 'scss', 'postscss' ]
5 info lifecycle confusion@1.0.0~prescss: confusion@1.0.0
6 silly lifecycle confusion@1.0.0~prescss: no script for prescss, continuing
7 info lifecycle confusion@1.0.0~scss: confusion@1.0.0
8 verbose lifecycle confusion@1.0.0~scss: unsafe-perm in lifecycle true
9 verbose lifecycle confusion@1.0.0~scss: PATH: /usr/local/lib/node_modules/npm/bin/node-gyp-bin:/Users/anmol/Documents/Bootstrap4/conFusion/node_modules/.bin:/usr/local/bin:/usr/bin:/bin:/usr/sbin:/sbin
10 verbose lifecycle confusion@1.0.0~scss: CWD: /Users/anmol/Documents/Bootstrap4/conFusion
11 silly lifecycle confusion@1.0.0~scss: Args: [ '-c', 'node-sass -o CSS/ CSS/' ]
12 silly lifecycle confusion@1.0.0~scss: Returned: code: 1  signal: null
13 info lifecycle confusion@1.0.0~scss: Failed to exec scss script
14 verbose stack Error: confusion@1.0.0 scss: `node-sass -o CSS/ CSS/`
14 verbose stack Exit status 1
14 verbose stack     at EventEmitter.<anonymous> (/usr/local/lib/node_modules/npm/lib/utils/lifecycle.js:255:16)
14 verbose stack     at emitTwo (events.js:106:13)
14 verbose stack     at EventEmitter.emit (events.js:191:7)
14 verbose stack     at ChildProcess.<anonymous> (/usr/local/lib/node_modules/npm/lib/utils/spawn.js:40:14)
14 verbose stack     at emitTwo (events.js:106:13)
14 verbose stack     at ChildProcess.emit (events.js:191:7)
14 verbose stack     at maybeClose (internal/child_process.js:920:16)
14 verbose stack     at Process.ChildProcess._handle.onexit (internal/child_process.js:230:5)
15 verbose pkgid confusion@1.0.0
16 verbose cwd /Users/anmol/Documents/Bootstrap4/conFusion/CSS
17 error Darwin 15.2.0
18 error argv "/usr/local/bin/node" "/usr/local/bin/npm" "run" "scss"
19 error node v6.11.4
20 error npm  v3.10.10
21 error code ELIFECYCLE
22 error confusion@1.0.0 scss: `node-sass -o CSS/ CSS/`
22 error Exit status 1
23 error Failed at the confusion@1.0.0 scss script 'node-sass -o CSS/ CSS/'.
23 error Make sure you have the latest version of node.js and npm installed.
23 error If you do, this is most likely a problem with the confusion package,
23 error not with npm itself.
23 error Tell the author that this fails on your system:
23 error     node-sass -o CSS/ CSS/
23 error You can get information on how to open an issue for this project with:
23 error     npm bugs confusion
23 error Or if that isn't available, you can get their info via:
23 error     npm owner ls confusion
23 error There is likely additional logging output above.
24 verbose exit [ 1, true ]
